Server running at :21218
Server running at :21218
Server running at :21218
Server running at :21218
Server running at :21218
Server running at :21218
Server running at :21218
Server running at :21218
Server running at :21218
Server running at :21218
Server running at :21218
Server running at :21218
Server running at :21218
1
1
1
Server running at :21218
1
Server running at :21218
1
1
Server running at :21218
1
1
1
1
1
Server running at :21218
1
Server running at :21218
1
Server running at :21218
Server running at :21218
Server running at :21218
Server running at :21218
1
Server running at :21218
1
Server running at :21218
1
Server running at :21218
1
Server running at :21218
Server running at :21218
1
Server running at :21218
Server running at :21218
1
1
1
1
Server running at :21218
Server running at :21218
1
1
1
1
1
Server running at :21218
Server running at :21218
Server running at :21218
Server running at :21218
Server running at :21218
Server running at :21218
Server running at :21218
Server running at :21218
Server running at :21218
Server running at :21218
Server running at :21218
Server running at :21218
Server running at :21218
Server running at :21218
Server running at :21218
Server running at :21218
Server running at :21218
Server running at :21218
Server running at :21218
Server running at :21218
Server running at :21218
Server running at :21218
Server running at :21218
Server running at :21218
Server running at :21218
Server running at :21218
Server running at :21218
Server running at :21218
Server running at :21218
Server running at :21218
Server running at :21218
Server running at :21218
Server running at :21218
Server running at :21218
Server running at :21218
Server running at :21218
Server running at :21218
Server running at :21218
Server running at :21218
Server running at :21218
Server running at :21218
Server running at :21218
Server running at :21218
Server running at :21218
Server running at :21218
Server running at :21218
Server running at :21218
Server running at :21218
Server running at :21218
Server running at :21218
Server running at :21218
Server running at :21218
Server running at :21218
Server running at :21218
Server running at :21218
Server running at :21218
Server running at :21218
Server running at :21218
Server running at :21218
Server running at :21218
Server running at :21218
Server running at :21218
Server running at :21218
Server running at :21218
Server running at :21218
Server running at :21218
Server running at :21218
Server running at :21218
Server running at :21218
Server running at :21218
Server running at :21218
Server running at :21218
Server running at :21218
Server running at :21218
Server running at :21218
Server running at :21218
Server running at :21218
Server running at :21218
Server running at :21218
Server running at :21218
Server running at :21218
Server running at :21218
Server running at :21218
Server running at :21218
Server running at :21218
Server running at :21218
Server running at :21218
Server running at :21218
Server running at :21218
Server running at :21218
Server running at :21218
Server running at :21218
Server running at :21218
Server running at :21218
Server running at :21218
Server running at :21218
Server running at :21218
Server running at :21218
Server running at :21218
Server running at :21218
Server running at :21218
Server running at :21218
Server running at :21218
Server running at :21218
Server running at :21218
Server running at :21218
Server running at :21218
Server running at :21218
Server running at :21218
Server running at :21218
Server running at :21218
Server running at :21218
Server running at :21218
Server running at :21218
Server running at :21218
Server running at :21218
Server running at :21218
Server running at :21218
Server running at :21218
Server running at :21218
Server running at :21218
Server running at :21218
Server running at :21218
Server running at :21218
Server running at :21218
Server running at :21218
Server running at :21218
Server running at :21218
Server running at :21218
Server running at :21218
Server running at :21218
Server running at :21218
Server running at :21218
Server running at :21218
Server running at :21218
Server running at :21218
Server running at :21218
Server running at :21218
Server running at :21218
Server running at :21218
Server running at :21218
Server running at :21218
Server running at :21218
Server running at :21218
Server running at :21218
Server running at :21218
Server running at :21218
Server running at :21218
Server running at :21218
Server running at :21218
Server running at :21218
Server running at :21218
Server running at :21218
Server running at :21218
Server running at :21218
Server running at :21218
Server running at :21218
Server running at :21218
Server running at :21218
Server running at :21218
Server running at :21218
Server running at :21218
Server running at :21218
Server running at :21218
Server running at :21218
Server running at :21218
Server running at :21218
Server running at :21218
Server running at :21218
Server running at :21218
Server running at :21218
Server running at :21218
Server running at :21218
Server running at :21218
Server running at :21218
Server running at :21218
Server running at :21218
Server running at :21218
Server running at :21218
Server running at :21218
Example app listening on port 3000!
Example app listening on port 3000!
Example app listening on port 3000!
Example app listening on port 3000!
Example app listening on port 3000!
hello world
hello world
Example app listening on port 3000!
Example app listening on port 3000!
Example app listening on port 3000!
Example app listening on port 3000!
Example app listening on port 3000!
tome gluglu!
tome gluglu!
Example app listening on port 3000!
tome gluglu!
tome gluglu!
Example app listening on port 3000!
Example app listening on port 3000!
tome gluglu!
Example app listening on port 3000!
tome gluglu!
Example app listening on port 3000!
Example app listening on port 3000!
Example app listening on port 3000!
Example app listening on port 3000!
Example app listening on port 3000!
Example app listening on port 3000!
Example app listening on port 3000!
Example app listening on port 3000!
Example app listening on port 3000!
Example app listening on port 3000!
Example app listening on port 3000!
Example app listening on port 3000!
Example app listening on port 3000!
Example app listening on port 3000!
Example app listening on port 3000!
Example app listening on port 3000!
Example app listening on port 3000!
Example app listening on port 3000!
Example app listening on port 3000!
Example app listening on port 3000!
Example app listening on port 3000!
Example app listening on port 3000!
Example app listening on port 3000!
Example app listening on port 3000!
Example app listening on port 3000!
Example app listening on port 3000!
Example app listening on port 3000!
Example app listening on port 3000!
Example app listening on port 3000!
Example app listening on port 3000!
Example app listening on port 3000!
Example app listening on port 3000!
Example app listening on port 3000!
Example app listening on port 3000!
Example app listening on port 3000!
Example app listening on port 3000!
Example app listening on port 3000!
Example app listening on port 3000!
Example app listening on port 3000!
Example app listening on port 3000!
Example app listening on port 3000!
Example app listening on port 3000!
Example app listening on port 3000!
Example app listening on port 3000!
Example app listening on port 3000!
Example app listening on port 3000!
Example app listening on port 3000!
Example app listening on port 3000!
Example app listening on port 3000!
Example app listening on port 3000!
Example app listening on port 3000!
Example app listening on port 3000!
Example app listening on port 3000!
Example app listening on port 3000!
Example app listening on port 3000!
Example app listening on port 3000!
Example app listening on port 3000!
Example app listening on port 3000!
Example app listening on port 3000!
Example app listening on port 3000!
Example app listening on port 3000!
Example app listening on port 3000!
Example app listening on port 3000!
Example app listening on port 3000!
Example app listening on port 3000!
Example app listening on port 3000!
Example app listening on port 3000!
Example app listening on port 3000!
Example app listening on port 3000!
Example app listening on port 3000!
Example app listening on port 3000!
Example app listening on port 3000!
Example app listening on port 3000!
Example app listening on port 3000!
Example app listening on port 3000!
Example app listening on port 3000!
Example app listening on port 3000!
Example app listening on port 3000!
Example app listening on port 3000!
Example app listening on port 3000!
Example app listening on port 3000!
Example app listening on port 3000!
Example app listening on port 3000!
Example app listening on port 3000!
Example app listening on port 3000!
Example app listening on port 3000!
Example app listening on port 3000!
Example app listening on port 3000!
Example app listening on port 3000!
Example app listening on port 3000!
Example app listening on port 3000!
Example app listening on port 3000!
Example app listening on port 3000!
Example app listening on port 3000!
Example app listening on port 3000!
Example app listening on port 3000!
Example app listening on port 3000!
Example app listening on port 3000!
Example app listening on port 3000!
Example app listening on port 3000!
Example app listening on port 3000!
Example app listening on port 3000!
Example app listening on port 3000!
Example app listening on port 3000!
Example app listening on port 3000!
Example app listening on port 3000!
Example app listening on port 3000!
Example app listening on port 3000!
Example app listening on port 3000!
Example app listening on port 3000!
Example app listening on port 3000!
Example app listening on port 3000!
Example app listening on port 3000!
Example app listening on port 3000!
Example app listening on port 3000!
Example app listening on port 3000!
Example app listening on port 3000!
Example app listening on port 3000!
Example app listening on port 3000!
Example app listening on port 3000!
Example app listening on port 3000!
Example app listening on port 3000!
Example app listening on port 3000!
Example app listening on port 3000!
Example app listening on port 3000!
Example app listening on port 3000!
Example app listening on port 3000!
Example app listening on port 3000!
Example app listening on port 3000!
Example app listening on port 3000!
Example app listening on port 3000!
Example app listening on port 3000!
Example app listening on port 3000!
Example app listening on port 3000!
Example app listening on port 3000!
Example app listening on port 3000!
Example app listening on port 3000!
Example app listening on port 3000!
Example app listening on port 3000!
Example app listening on port 3000!
Example app listening on port 3000!
Example app listening on port 3000!
Example app listening on port 3000!
Example app listening on port 3000!
Example app listening on port 3000!
Example app listening on port 3000!
Example app listening on port 3000!
Example app listening on port 3000!
Example app listening on port 3000!
Example app listening on port 3000!
Example app listening on port 3000!
Example app listening on port 3000!
Example app listening on port 3000!
Example app listening on port 3000!
Example app listening on port 3000!
Example app listening on port 3000!
Example app listening on port 3000!
Example app listening on port 3000!
Example app listening on port 3000!
Example app listening on port 3000!
Example app listening on port 3000!
Example app listening on port 3000!
Example app listening on port 3000!
Example app listening on port 3000!
Example app listening on port 3000!
Example app listening on port 3000!
Example app listening on port 3000!
Example app listening on port 3000!
Example app listening on port 3000!
Example app listening on port 3000!
Example app listening on port 3000!
Example app listening on port 3000!
Example app listening on port 3000!
Example app listening on port 3000!
Example app listening on port 3000!
Example app listening on port 3000!
Example app listening on port 3000!
Example app listening on port 3000!
Example app listening on port 3000!
Example app listening on port 3000!
Example app listening on port 3000!
Example app listening on port 3000!
{ fieldname: 'file',
  originalname: 'name.jpg',
  encoding: '7bit',
  mimetype: 'image/jpeg' }
Example app listening on port 3000!
{ fieldname: 'file',
  originalname: 'name.jpg',
  encoding: '7bit',
  mimetype: 'image/jpeg' }
Example app listening on port 3000!
{ fieldname: 'file',
  originalname: 'name.jpg',
  encoding: '7bit',
  mimetype: 'image/jpeg' }
{ fieldname: 'file',
  originalname: 'name.jpg',
  encoding: '7bit',
  mimetype: 'image/jpeg' }
{ fieldname: 'file',
  originalname: 'name.jpg',
  encoding: '7bit',
  mimetype: 'image/jpeg' }
undefined
undefined
{ fieldname: 'file',
  originalname: 'name.jpg',
  encoding: '7bit',
  mimetype: 'multipart/form-data' }
{ fieldname: 'file',
  originalname: 'name.jpg',
  encoding: '7bit',
  mimetype: 'multipart/form-data' }
Example app listening on port 3000!
{ fieldname: 'file',
  originalname: 'name.jpg',
  encoding: '7bit',
  mimetype: 'multipart/form-data' }
{ fieldname: 'file',
  originalname: 'name.jpg',
  encoding: '7bit',
  mimetype: 'multipart/form-data' }
{ fieldname: 'file',
  originalname: 'name.jpg',
  encoding: '7bit',
  mimetype: 'multipart/form-data' }
undefined
{ fieldname: 'file',
  originalname: 'name.jpg',
  encoding: '7bit',
  mimetype: 'multipart/form-data' }
{ fieldname: 'file',
  originalname: 'name.jpg',
  encoding: '7bit',
  mimetype: 'multipart/form-data' }
{ fieldname: 'file',
  originalname: 'name.jpg',
  encoding: '7bit',
  mimetype: 'multipart/form-data' }
Example app listening on port 3000!
Example app listening on port 3000!
Example app listening on port 3000!
Example app listening on port 3000!
Example app listening on port 3000!
Example app listening on port 3000!
Example app listening on port 3000!
Example app listening on port 3000!
Example app listening on port 3000!
Example app listening on port 3000!
Example app listening on port 3000!
Example app listening on port 3000!
Example app listening on port 3000!
Example app listening on port 3000!
Example app listening on port 3000!
Example app listening on port 3000!
Example app listening on port 3000!
Example app listening on port 3000!
Example app listening on port 3000!
Example app listening on port 3000!
Example app listening on port 3000!
Example app listening on port 3000!
Example app listening on port 3000!
Example app listening on port 3000!
Example app listening on port 3000!
Example app listening on port 3000!
Example app listening on port 3000!
Example app listening on port 3000!
Example app listening on port 3000!
Example app listening on port 3000!
Example app listening on port 3000!
Example app listening on port 3000!
Example app listening on port 3000!
Example app listening on port 3000!
Example app listening on port 3000!
Example app listening on port 3000!
Example app listening on port 3000!
Example app listening on port 3000!
Example app listening on port 3000!
Example app listening on port 3000!
Example app listening on port 3000!
Example app listening on port 3000!
Example app listening on port 3000!
Example app listening on port 3000!
Example app listening on port 3000!
Example app listening on port 3000!
Example app listening on port 3000!
Example app listening on port 3000!
Example app listening on port 3000!
Example app listening on port 3000!
Example app listening on port 3000!
Example app listening on port 3000!
Example app listening on port 3000!
Example app listening on port 3000!
Example app listening on port 3000!
Example app listening on port 3000!
Example app listening on port 3000!
Example app listening on port 3000!
Example app listening on port 3000!
Example app listening on port 3000!
Example app listening on port 3000!
Example app listening on port 3000!
Example app listening on port 3000!
Example app listening on port 3000!
Example app listening on port 3000!
Example app listening on port 3000!
Example app listening on port 3000!
Example app listening on port 3000!
Example app listening on port 3000!
Example app listening on port 3000!
Example app listening on port 3000!
Example app listening on port 3000!
Example app listening on port 3000!
Example app listening on port 3000!
Example app listening on port 3000!
