[2020-03-15T14:02:00.061] [DEBUG] default - { host: 'eucomprouser.kinghost.net:21218',
  connection: 'keep-alive',
  accept: 'application/json, text/plain, */*',
  authorization: 'Bearer eyJhbGciOiJIUzI1NiIsInR5cCI6IkpXVCJ9.eyJzdWJqZWN0IjoiNWUzZmEwNWEwMDhkNDVlZGU0YWQ4YTE5IiwiaWF0IjoxNTg0MjkxNDUzfQ.iV-b8B9Mpy4R3gxBsWuOZo-mknI4UBBHRAK5n57BNN4',
  'user-agent': 'Mozilla/5.0 (Windows NT 10.0; Win64; x64) AppleWebKit/537.36 (KHTML, like Gecko) Chrome/80.0.3987.132 Safari/537.36',
  origin: 'http://localhost:8100',
  referer: 'http://localhost:8100/login-page',
  'accept-encoding': 'gzip, deflate',
  'accept-language': 'pt-BR,pt;q=0.9,en-US;q=0.8,en;q=0.7' }
[2020-03-15T14:03:15.021] [DEBUG] default - Bearer eyJhbGciOiJIUzI1NiIsInR5cCI6IkpXVCJ9.eyJzdWJqZWN0IjoiNWUzZmEwNWEwMDhkNDVlZGU0YWQ4YTE5IiwiaWF0IjoxNTg0MjkxNDUzfQ.iV-b8B9Mpy4R3gxBsWuOZo-mknI4UBBHRAK5n57BNN4
[2020-03-15T14:03:52.275] [DEBUG] default - undefined
[2020-03-15T14:07:07.934] [DEBUG] default - Bearer eyJhbGciOiJIUzI1NiIsInR5cCI6IkpXVCJ9.eyJzdWJqZWN0IjoiNWUzZmEwNWEwMDhkNDVlZGU0YWQ4YTE5IiwiaWF0IjoxNTg0MjkxNDUzfQ.iV-b8B9Mpy4R3gxBsWuOZo-mknI4UBBHRAK5n57BNN4
[2020-03-15T14:07:09.889] [DEBUG] default - undefined
[2020-03-15T14:08:21.710] [DEBUG] default - Bearer eyJhbGciOiJIUzI1NiIsInR5cCI6IkpXVCJ9.eyJzdWJqZWN0IjoiNWUzZmEwNWEwMDhkNDVlZGU0YWQ4YTE5IiwiaWF0IjoxNTg0MjkxNDUzfQ.iV-b8B9Mpy4R3gxBsWuOZo-mknI4UBBHRAK5n57BNN4
[2020-03-15T14:08:21.711] [DEBUG] default - eyJhbGciOiJIUzI1NiIsInR5cCI6IkpXVCJ9.eyJzdWJqZWN0IjoiNWUzZmEwNWEwMDhkNDVlZGU0YWQ4YTE5IiwiaWF0IjoxNTg0MjkxNDUzfQ.iV-b8B9Mpy4R3gxBsWuOZo-mknI4UBBHRAK5n57BNN4
[2020-03-15T14:08:30.489] [DEBUG] default - undefined
[2020-03-15T14:08:37.758] [DEBUG] default - Bearer eyJhbGciOiJIUzI1NiIsInR5cCI6IkpXVCJ9.eyJzdWJqZWN0IjoiNWUzZmEwNWEwMDhkNDVlZGU0YWQ4YTE5IiwiaWF0IjoxNTg0MjkxNDUzfQ.iV-b8B9Mpy4R3gxBsWuOZo-mknI4UBBHRAK5n57BNN4
[2020-03-15T14:08:37.759] [DEBUG] default - eyJhbGciOiJIUzI1NiIsInR5cCI6IkpXVCJ9.eyJzdWJqZWN0IjoiNWUzZmEwNWEwMDhkNDVlZGU0YWQ4YTE5IiwiaWF0IjoxNTg0MjkxNDUzfQ.iV-b8B9Mpy4R3gxBsWuOZo-mknI4UBBHRAK5n57BNN4
[2020-03-15T14:10:14.509] [DEBUG] default - Bearer eyJhbGciOiJIUzI1NiIsInR5cCI6IkpXVCJ9.eyJzdWJqZWN0IjoiNWUzZmEwNWEwMDhkNDVlZGU0YWQ4YTE5IiwiaWF0IjoxNTg0MjkxNDUzfQ.iV-b8B9Mpy4R3gxBsWuOZo-mknI4UBBHRAK5n57BNN4
[2020-03-15T14:10:14.510] [DEBUG] default - eyJhbGciOiJIUzI1NiIsInR5cCI6IkpXVCJ9.eyJzdWJqZWN0IjoiNWUzZmEwNWEwMDhkNDVlZGU0YWQ4YTE5IiwiaWF0IjoxNTg0MjkxNDUzfQ.iV-b8B9Mpy4R3gxBsWuOZo-mknI4UBBHRAK5n57BNN4
[2020-03-15T14:10:25.382] [DEBUG] default - Bearer null
[2020-03-15T14:10:25.384] [DEBUG] default - null
[2020-03-15T15:46:58.231] [DEBUG] default - token: Bearer eyJhbGciOiJIUzI1NiIsInR5cCI6IkpXVCJ9.eyJzdWJqZWN0IjoiNWUzZmEwNWEwMDhkNDVlZGU0YWQ4YTE5IiwiaWF0IjoxNTg0Mjk4MDExfQ.goKHy0aLErfY_KMxifNeturQeA0GcTKLEjvLvcJLWL8
[2020-03-15T15:46:58.232] [DEBUG] default - split: eyJhbGciOiJIUzI1NiIsInR5cCI6IkpXVCJ9.eyJzdWJqZWN0IjoiNWUzZmEwNWEwMDhkNDVlZGU0YWQ4YTE5IiwiaWF0IjoxNTg0Mjk4MDExfQ.goKHy0aLErfY_KMxifNeturQeA0GcTKLEjvLvcJLWL8
[2020-03-15T15:46:58.233] [DEBUG] default - decoded: [object Object]
[2020-03-15T15:49:42.239] [DEBUG] default - token: Bearer eyJhbGciOiJIUzI1NiIsInR5cCI6IkpXVCJ9.eyJzdWJqZWN0IjoiNWUzZmEwNWEwMDhkNDVlZGU0YWQ4YTE5IiwiaWF0IjoxNTg0Mjk4MDExfQ.goKHy0aLErfY_KMxifNeturQeA0GcTKLEjvLvcJLWL8
[2020-03-15T15:49:42.240] [DEBUG] default - split: eyJhbGciOiJIUzI1NiIsInR5cCI6IkpXVCJ9.eyJzdWJqZWN0IjoiNWUzZmEwNWEwMDhkNDVlZGU0YWQ4YTE5IiwiaWF0IjoxNTg0Mjk4MDExfQ.goKHy0aLErfY_KMxifNeturQeA0GcTKLEjvLvcJLWL8
[2020-03-15T15:51:34.515] [DEBUG] default - token: undefined
[2020-03-15T15:52:45.195] [DEBUG] default - token: Bearer eyJhbGciOiJIUzI1NiIsInR5cCI6IkpXVCJ9.eyJzdWJqZWN0IjoiNWUzZmEwNWEwMDhkNDVlZGU0YWQ4YTE5IiwiaWF0IjoxNTg0Mjk4MDExfQ.goKHy0aLErfY_KMxifNeturQeA0GcTKLEjvLvcJLWL8
[2020-03-15T15:52:45.196] [DEBUG] default - split: eyJhbGciOiJIUzI1NiIsInR5cCI6IkpXVCJ9.eyJzdWJqZWN0IjoiNWUzZmEwNWEwMDhkNDVlZGU0YWQ4YTE5IiwiaWF0IjoxNTg0Mjk4MDExfQ.goKHy0aLErfY_KMxifNeturQeA0GcTKLEjvLvcJLWL8
[2020-03-15T15:52:45.198] [DEBUG] default - payload: [object Object]
[2020-03-15T15:52:45.198] [DEBUG] default - decoded: [object Object]
[2020-03-15T15:58:57.914] [DEBUG] default - token: Bearer eyJhbGciOiJIUzI1NiIsInR5cCI6IkpXVCJ9.eyJzdWJqZWN0IjoiNWUzZmEwNWEwMDhkNDVlZGU0YWQ4YTE5IiwiaWF0IjoxNTg0Mjk4MDExfQ.goKHy0aLErfY_KMxifNeturQeA0GcTKLEjvLvcJLWL8
[2020-03-15T15:58:57.915] [DEBUG] default - split: eyJhbGciOiJIUzI1NiIsInR5cCI6IkpXVCJ9.eyJzdWJqZWN0IjoiNWUzZmEwNWEwMDhkNDVlZGU0YWQ4YTE5IiwiaWF0IjoxNTg0Mjk4MDExfQ.goKHy0aLErfY_KMxifNeturQeA0GcTKLEjvLvcJLWL8
[2020-03-15T15:59:00.077] [DEBUG] default - token: Bearer eyJhbGciOiJIUzI1NiIsInR5cCI6IkpXVCJ9.eyJzdWJqZWN0IjoiNWUzZmEwNWEwMDhkNDVlZGU0YWQ4YTE5IiwiaWF0IjoxNTg0Mjk4MDExfQ.goKHy0aLErfY_KMxifNeturQeA0GcTKLEjvLvcJLWL8
[2020-03-15T15:59:24.962] [DEBUG] default - token: Bearer eyJhbGciOiJIUzI1NiIsInR5cCI6IkpXVCJ9.eyJzdWJqZWN0IjoiNWUzZmEwNWEwMDhkNDVlZGU0YWQ4YTE5IiwiaWF0IjoxNTg0Mjk4MDExfQ.goKHy0aLErfY_KMxifNeturQeA0GcTKLEjvLvcJLWL8
[2020-03-15T15:59:24.963] [DEBUG] default - split: eyJhbGciOiJIUzI1NiIsInR5cCI6IkpXVCJ9.eyJzdWJqZWN0IjoiNWUzZmEwNWEwMDhkNDVlZGU0YWQ4YTE5IiwiaWF0IjoxNTg0Mjk4MDExfQ.goKHy0aLErfY_KMxifNeturQeA0GcTKLEjvLvcJLWL8
[2020-03-15T15:59:49.642] [DEBUG] default - token: Bearer eyJhbGciOiJIUzI1NiIsInR5cCI6IkpXVCJ9.eyJzdWJqZWN0IjoiNWUzZmEwNWEwMDhkNDVlZGU0YWQ4YTE5IiwiaWF0IjoxNTg0Mjk4MDExfQ.goKHy0aLErfY_KMxifNeturQeA0GcTKLEjvLvcJLWL8
[2020-03-15T15:59:49.643] [DEBUG] default - split: eyJhbGciOiJIUzI1NiIsInR5cCI6IkpXVCJ9.eyJzdWJqZWN0IjoiNWUzZmEwNWEwMDhkNDVlZGU0YWQ4YTE5IiwiaWF0IjoxNTg0Mjk4MDExfQ.goKHy0aLErfY_KMxifNeturQeA0GcTKLEjvLvcJLWL8
[2020-03-15T15:59:52.928] [DEBUG] default - token: Bearer eyJhbGciOiJIUzI1NiIsInR5cCI6IkpXVCJ9.eyJzdWJqZWN0IjoiNWUzZmEwNWEwMDhkNDVlZGU0YWQ4YTE5IiwiaWF0IjoxNTg0Mjk4MDExfQ.goKHy0aLErfY_KMxifNeturQeA0GcTKLEjvLvcJLWL8
[2020-03-15T16:08:52.381] [DEBUG] default - token: Bearer eyJhbGciOiJIUzI1NiIsInR5cCI6IkpXVCJ9.eyJzdWJqZWN0IjoiNWUzZmEwNWEwMDhkNDVlZGU0YWQ4YTE5IiwiaWF0IjoxNTg0Mjk4MDExfQ.goKHy0aLErfY_KMxifNeturQeA0GcTKLEjvLvcJLWL8
[2020-03-15T16:08:52.387] [DEBUG] default - split: eyJhbGciOiJIUzI1NiIsInR5cCI6IkpXVCJ9.eyJzdWJqZWN0IjoiNWUzZmEwNWEwMDhkNDVlZGU0YWQ4YTE5IiwiaWF0IjoxNTg0Mjk4MDExfQ.goKHy0aLErfY_KMxifNeturQeA0GcTKLEjvLvcJLWL8
[2020-03-15T16:08:52.390] [DEBUG] default - payload: undefined
[2020-03-15T16:08:52.390] [DEBUG] default - decoded: undefined
[2020-03-15T16:16:41.885] [DEBUG] default - token: Bearer eyJhbGciOiJIUzI1NiIsInR5cCI6IkpXVCJ9.eyJzdWJqZWN0IjoiNWUzZmEwNWEwMDhkNDVlZGU0YWQ4YTE5IiwiaWF0IjoxNTg0Mjk4MDExfQ.goKHy0aLErfY_KMxifNeturQeA0GcTKLEjvLvcJLWL8
[2020-03-15T16:16:41.888] [DEBUG] default - payload: undefined
