0 info it worked if it ends with ok
1 verbose cli [ '/opt/nvm/versions/node/v8.11.3/bin/node',
1 verbose cli   '/opt/nvm/versions/node/v8.11.3/bin/npm',
1 verbose cli   'restart' ]
2 info using npm@5.6.0
3 info using node@v8.11.3
4 verbose config Skipping project config: /home/eucomprouser/.npmrc. (matches userconfig)
5 verbose stack Error: ENOENT: no such file or directory, open '/home/eucomprouser/package.json'
6 verbose cwd /home/eucomprouser
7 verbose Linux 4.4.180-1.el6.elrepo.x86_64
8 verbose argv "/opt/nvm/versions/node/v8.11.3/bin/node" "/opt/nvm/versions/node/v8.11.3/bin/npm" "restart"
9 verbose node v8.11.3
10 verbose npm  v5.6.0
11 error path /home/eucomprouser/package.json
12 error code ENOENT
13 error errno -2
14 error syscall open
15 error enoent ENOENT: no such file or directory, open '/home/eucomprouser/package.json'
16 error enoent This is related to npm not being able to find a file.
17 verbose exit [ -2, true ]
